0 info it worked if it ends with ok
1 verbose cli [ 'C:\\Program Files\\nodejs\\node.exe',
1 verbose cli   'C:\\Program Files\\nodejs\\node_modules\\npm\\bin\\npm-cli.js',
1 verbose cli   'start' ]
2 info using npm@3.10.10
3 info using node@v6.11.2
4 verbose run-script [ 'prestart', 'start', 'poststart' ]
5 info lifecycle ProjectSigniumServer@0.0.1~prestart: ProjectSigniumServer@0.0.1
6 silly lifecycle ProjectSigniumServer@0.0.1~prestart: no script for prestart, continuing
7 info lifecycle ProjectSigniumServer@0.0.1~start: ProjectSigniumServer@0.0.1
8 verbose lifecycle ProjectSigniumServer@0.0.1~start: unsafe-perm in lifecycle true
9 verbose lifecycle ProjectSigniumServer@0.0.1~start: PATH: C:\Program Files\nodejs\node_modules\npm\bin\node-gyp-bin;C:\Users\willi\Documents\Programming\WebStorm\ProjectSigniumServer\node_modules\.bin;C:\Program Files\Microsoft MPI\Bin\;C:\Program Files (x86)\Microsoft SDKs\Azure\CLI2\wbin;C:\ProgramData\Oracle\Java\javapath;C:\Program Files (x86)\Intel\iCLS Client\;C:\Program Files\Intel\iCLS Client\;C:\windows\system32;C:\windows;C:\windows\System32\Wbem;C:\windows\System32\WindowsPowerShell\v1.0\;C:\Program Files (x86)\Intel\Intel(R) Management Engine Components\DAL;C:\Program Files\Intel\Intel(R) Management Engine Components\DAL;C:\Program Files (x86)\Intel\Intel(R) Management Engine Components\IPT;C:\Program Files\Intel\Intel(R) Management Engine Components\IPT;C:\Program Files (x86)\Skype\Phone\;C:\Program Files\nodejs\;C:\Program Files\Microsoft SQL Server\130\Tools\Binn\;C:\Program Files\dotnet\;C:\Program Files (x86)\GtkSharp\2.12\bin;C:\Program Files\CMake\bin;C:\Program Files (x86)\Yarn\bin;C:\Program Files\Git\cmd;C:\Program Files (x86)\Xoreax\IncrediBuild;C:\Users\willi\AppData\Local\Programs\Python\Python36-32\Scripts\;C:\Users\willi\AppData\Local\Programs\Python\Python36-32\;C:\Ruby24-x64\bin;C:\Users\willi\AppData\Local\Microsoft\WindowsApps;C:\Users\willi\AppData\Local\atom\bin;C:\Users\willi\AppData\Roaming\npm;C:\Program Files\MongoDB\Server\3.4\bin;C:\Batch;C:\Users\willi\AppData\Local\Programs\Python\Python36;C:\Users\willi\AppData\Local\Programs\Python\Python36\Scripts;C:\Users\willi\AppData\Local\Yarn\bin;C:\Users\willi\AppData\Roaming\Dashlane\4.8.7.35982\bin\Firefox_Extension\{442718d9-475e-452a-b3e1-fb1ee16b8e9f}\components;C:\Users\willi\AppData\Roaming\Dashlane\4.8.7.35982\ucrt
10 verbose lifecycle ProjectSigniumServer@0.0.1~start: CWD: C:\Users\willi\Documents\Programming\WebStorm\ProjectSigniumServer
11 silly lifecycle ProjectSigniumServer@0.0.1~start: Args: [ '/d /s /c', 'node src/server/server' ]
12 silly lifecycle ProjectSigniumServer@0.0.1~start: Returned: code: 1  signal: null
13 info lifecycle ProjectSigniumServer@0.0.1~start: Failed to exec start script
14 verbose stack Error: ProjectSigniumServer@0.0.1 start: `node src/server/server`
14 verbose stack Exit status 1
14 verbose stack     at EventEmitter.<anonymous> (C:\Program Files\nodejs\node_modules\npm\lib\utils\lifecycle.js:255:16)
14 verbose stack     at emitTwo (events.js:106:13)
14 verbose stack     at EventEmitter.emit (events.js:191:7)
14 verbose stack     at ChildProcess.<anonymous> (C:\Program Files\nodejs\node_modules\npm\lib\utils\spawn.js:40:14)
14 verbose stack     at emitTwo (events.js:106:13)
14 verbose stack     at ChildProcess.emit (events.js:191:7)
14 verbose stack     at maybeClose (internal/child_process.js:891:16)
14 verbose stack     at Process.ChildProcess._handle.onexit (internal/child_process.js:226:5)
15 verbose pkgid ProjectSigniumServer@0.0.1
16 verbose cwd C:\Users\willi\Documents\Programming\WebStorm\ProjectSigniumServer
17 error Windows_NT 10.0.15063
18 error argv "C:\\Program Files\\nodejs\\node.exe" "C:\\Program Files\\nodejs\\node_modules\\npm\\bin\\npm-cli.js" "start"
19 error node v6.11.2
20 error npm  v3.10.10
21 error code ELIFECYCLE
22 error ProjectSigniumServer@0.0.1 start: `node src/server/server`
22 error Exit status 1
23 error Failed at the ProjectSigniumServer@0.0.1 start script 'node src/server/server'.
23 error Make sure you have the latest version of node.js and npm installed.
23 error If you do, this is most likely a problem with the ProjectSigniumServer package,
23 error not with npm itself.
23 error Tell the author that this fails on your system:
23 error     node src/server/server
23 error You can get information on how to open an issue for this project with:
23 error     npm bugs ProjectSigniumServer
23 error Or if that isn't available, you can get their info via:
23 error     npm owner ls ProjectSigniumServer
23 error There is likely additional logging output above.
24 verbose exit [ 1, true ]
